Performing C SOURCE FILE Test CMAKE_HAVE_LIBC_PTHREAD failed with the following output:
Change Dir: /home/debra1/aero4701-obc/catkin_ws/build/CMakeFiles/CMakeTmp

Run Build Command(s):/usr/bin/gmake cmTC_74f26/fast && /usr/bin/gmake  -f CMakeFiles/cmTC_74f26.dir/build.make CMakeFiles/cmTC_74f26.dir/build
gmake[1]: Entering directory '/home/debra1/aero4701-obc/catkin_ws/build/CMakeFiles/CMakeTmp'
Building C object CMakeFiles/cmTC_74f26.dir/src.c.o
/usr/bin/cc   -DCMAKE_HAVE_LIBC_PTHREAD -o CMakeFiles/cmTC_74f26.dir/src.c.o -c /home/debra1/aero4701-obc/catkin_ws/build/CMakeFiles/CMakeTmp/src.c
Linking C executable cmTC_74f26
/usr/bin/cmake -E cmake_link_script CMakeFiles/cmTC_74f26.dir/link.txt --verbose=1
/usr/bin/cc  -DCMAKE_HAVE_LIBC_PTHREAD -rdynamic CMakeFiles/cmTC_74f26.dir/src.c.o -o cmTC_74f26 
/usr/bin/ld: CMakeFiles/cmTC_74f26.dir/src.c.o: in function `main':
src.c:(.text+0x34): undefined reference to `pthread_create'
/usr/bin/ld: src.c:(.text+0x3c): undefined reference to `pthread_detach'
/usr/bin/ld: src.c:(.text+0x44): undefined reference to `pthread_cancel'
/usr/bin/ld: src.c:(.text+0x50): undefined reference to `pthread_join'
collect2: error: ld returned 1 exit status
gmake[1]: *** [CMakeFiles/cmTC_74f26.dir/build.make:106: cmTC_74f26] Error 1
gmake[1]: Leaving directory '/home/debra1/aero4701-obc/catkin_ws/build/CMakeFiles/CMakeTmp'
gmake: *** [Makefile:140: cmTC_74f26/fast] Error 2


Source file was:
#include <pthread.h>

void* test_func(void* data)
{
  return data;
}

int main(void)
{
  pthread_t thread;
  pthread_create(&thread, NULL, test_func, NULL);
  pthread_detach(thread);
  pthread_cancel(thread);
  pthread_join(thread, NULL);
  pthread_atfork(NULL, NULL, NULL);
  pthread_exit(NULL);

  return 0;
}

Determining if the function pthread_create exists in the pthreads failed with the following output:
Change Dir: /home/debra1/aero4701-obc/catkin_ws/build/CMakeFiles/CMakeTmp

Run Build Command(s):/usr/bin/gmake cmTC_eae74/fast && /usr/bin/gmake  -f CMakeFiles/cmTC_eae74.dir/build.make CMakeFiles/cmTC_eae74.dir/build
gmake[1]: Entering directory '/home/debra1/aero4701-obc/catkin_ws/build/CMakeFiles/CMakeTmp'
Building C object CMakeFiles/cmTC_eae74.dir/CheckFunctionExists.c.o
/usr/bin/cc   -DCHECK_FUNCTION_EXISTS=pthread_create -o CMakeFiles/cmTC_eae74.dir/CheckFunctionExists.c.o -c /usr/share/cmake-3.18/Modules/CheckFunctionExists.c
Linking C executable cmTC_eae74
/usr/bin/cmake -E cmake_link_script CMakeFiles/cmTC_eae74.dir/link.txt --verbose=1
/usr/bin/cc  -DCHECK_FUNCTION_EXISTS=pthread_create -rdynamic CMakeFiles/cmTC_eae74.dir/CheckFunctionExists.c.o -o cmTC_eae74  -lpthreads 
/usr/bin/ld: cannot find -lpthreads
collect2: error: ld returned 1 exit status
gmake[1]: *** [CMakeFiles/cmTC_eae74.dir/build.make:106: cmTC_eae74] Error 1
gmake[1]: Leaving directory '/home/debra1/aero4701-obc/catkin_ws/build/CMakeFiles/CMakeTmp'
gmake: *** [Makefile:140: cmTC_eae74/fast] Error 2



